<?xml version="1.0" encoding="UTF-8"?>
<!-- Generated by org.testng.reporters.JUnitReportReporter -->
<testsuite skipped="0" hostname="LAPTOP-SV9TVNET" name="insurance_Motorcycle.E2E_Test_Motorcycle" tests="1" failures="0" timestamp="2021-08-17T09:18:53 IST" time="8.340" errors="0">
  <testcase name="VehicleInsuranceCalc_Volvo" time="8.340" classname="insurance_Motorcycle.E2E_Test_Motorcycle"/>
  <system-out/>
</testsuite> <!-- insurance_Motorcycle.E2E_Test_Motorcycle -->
